<?xml version="1.0" encoding="UTF-8"?>
<!-- Generated by org.testng.reporters.JUnitReportReporter -->
<testsuite hostname="ShOeB" failures="0" tests="1" name="scmsettings.ManageSupplier" time="13.867" errors="0" timestamp="2022-06-14T14:02:28 BDT" skipped="0">
  <testcase classname="scmsettings.ManageSupplier" name="Salesforce" time="13.867"/>
  <system-out/>
</testsuite> <!-- scmsettings.ManageSupplier -->
