<?xml version="1.0" encoding="UTF-8"?>
<!-- Generated by org.testng.reporters.JUnitReportReporter -->
<testsuite hostname="ShOeB" failures="0" tests="1" name="ScmSettings.CommissionSlab" time="11.370" errors="0" timestamp="2022-06-13T12:07:51 BDT" skipped="0">
  <testcase classname="ScmSettings.CommissionSlab" name="Salesforce" time="11.370"/>
  <system-out/>
</testsuite> <!-- ScmSettings.CommissionSlab -->
