<?xml version="1.0" encoding="UTF-8"?>
<!-- Generated by org.testng.reporters.JUnitReportReporter -->
<testsuite hostname="ShOeB" failures="0" tests="1" name="accountsettings.ManageAccountHead" time="11.871" errors="0" timestamp="2022-06-19T10:49:17 BDT" skipped="0">
  <testcase classname="accountsettings.ManageAccountHead" name="Salesforce" time="11.871"/>
  <system-out/>
</testsuite> <!-- accountsettings.ManageAccountHead -->
