<?xml version="1.0" encoding="UTF-8"?>
<!-- Generated by org.testng.reporters.JUnitReportReporter -->
<testsuite hostname="ShOeB" failures="0" tests="1" name="purchaseorder.PurchaseOrder" time="20.501" errors="0" timestamp="2022-06-20T13:19:12 BDT" skipped="0">
  <testcase classname="purchaseorder.PurchaseOrder" name="Salesforce" time="20.501"/>
  <system-out/>
</testsuite> <!-- purchaseorder.PurchaseOrder -->
