<?xml version="1.0" encoding="UTF-8"?>
<!-- Generated by org.testng.reporters.JUnitReportReporter -->
<testsuite hostname="ShOeB" failures="0" tests="1" name="ScmSettings.ManageDealer" time="15.679" errors="0" timestamp="2022-06-14T12:42:50 BDT" skipped="0">
  <testcase classname="ScmSettings.ManageDealer" name="Salesforce" time="15.679"/>
  <system-out/>
</testsuite> <!-- ScmSettings.ManageDealer -->
