<?xml version="1.0" encoding="UTF-8"?>
<!-- Generated by org.testng.reporters.JUnitReportReporter -->
<testsuite hostname="ShOeB" failures="0" tests="1" name="test_case.Shop" time="41.466" errors="0" timestamp="2022-06-05T15:43:07 BDT" skipped="0">
  <testcase classname="test_case.Shop" name="locatorlearning" time="41.466"/>
  <system-out/>
</testsuite> <!-- test_case.Shop -->
