<?xml version="1.0" encoding="UTF-8"?>
<!-- Generated by org.testng.reporters.JUnitReportReporter -->
<testsuite hostname="ShOeB" failures="0" tests="1" name="accountsettings.ManageAccountHead" time="12.483" errors="0" timestamp="2022-07-19T12:50:16 BDT" skipped="0">
  <testcase classname="accountsettings.ManageAccountHead" name="Salesforce" time="12.483"/>
  <system-out/>
</testsuite> <!-- accountsettings.ManageAccountHead -->
