<?xml version="1.0" encoding="UTF-8"?>
<!-- Generated by org.testng.reporters.JUnitReportReporter -->
<testsuite hostname="ShOeB" failures="0" tests="1" name="ScmSettings.ManageStore" time="11.343" errors="0" timestamp="2022-06-13T11:39:56 BDT" skipped="0">
  <testcase classname="ScmSettings.ManageStore" name="Salesforce" time="11.343"/>
  <system-out/>
</testsuite> <!-- ScmSettings.ManageStore -->
