<?xml version="1.0" encoding="UTF-8"?>
<!-- Generated by org.testng.reporters.JUnitReportReporter -->
<testsuite hostname="ShOeB" failures="0" tests="1" name="configuration.SubCategory" time="14.364" errors="0" timestamp="2022-06-13T10:50:12 BDT" skipped="0">
  <testcase classname="configuration.SubCategory" name="Salesforce" time="14.364"/>
  <system-out/>
</testsuite> <!-- configuration.SubCategory -->
