<?xml version="1.0" encoding="UTF-8"?>
<!-- Generated by org.testng.reporters.JUnitReportReporter -->
<testsuite hostname="ShOeB" failures="0" tests="1" name="test_case.SalesRepresentive" time="22.852" errors="0" timestamp="2022-06-01T12:40:02 BDT" skipped="0">
  <testcase classname="test_case.SalesRepresentive" name="locatorlearning" time="22.852"/>
  <system-out/>
</testsuite> <!-- test_case.SalesRepresentive -->
