<?xml version="1.0" encoding="UTF-8"?>
<!-- Generated by org.testng.reporters.JUnitReportReporter -->
<testsuite hostname="ShOeB" failures="0" tests="1" name="scmsettings.ManageDealer" time="14.608" errors="0" timestamp="2022-06-14T14:07:00 BDT" skipped="0">
  <testcase classname="scmsettings.ManageDealer" name="Salesforce" time="14.608"/>
  <system-out/>
</testsuite> <!-- scmsettings.ManageDealer -->
