<?xml version="1.0" encoding="UTF-8"?>
<!-- Generated by org.testng.reporters.JUnitReportReporter -->
<testsuite hostname="ShOeB" failures="0" tests="1" name="distributionsettings.ManageEmployeeForDistributer" time="15.075" errors="0" timestamp="2022-06-16T17:41:06 BDT" skipped="0">
  <testcase classname="distributionsettings.ManageEmployeeForDistributer" name="Salesforce" time="15.075"/>
  <system-out/>
</testsuite> <!-- distributionsettings.ManageEmployeeForDistributer -->
