<?xml version="1.0" encoding="UTF-8"?>
<!-- Generated by org.testng.reporters.JUnitReportReporter -->
<testsuite hostname="ShOeB" failures="0" tests="1" name="productsettings.ProductSettings" time="20.020" errors="0" timestamp="2022-06-18T11:09:47 BDT" skipped="0">
  <testcase classname="productsettings.ProductSettings" name="Salesforce" time="20.020"/>
  <system-out/>
</testsuite> <!-- productsettings.ProductSettings -->
