<?xml version="1.0" encoding="UTF-8"?>
<!-- Generated by org.testng.reporters.JUnitReportReporter -->
<testsuite hostname="ShOeB" failures="0" tests="1" name="ScmSettings.ManageInvoice" time="15.843" errors="0" timestamp="2022-06-13T11:49:27 BDT" skipped="0">
  <testcase classname="ScmSettings.ManageInvoice" name="Salesforce" time="15.843"/>
  <system-out/>
</testsuite> <!-- ScmSettings.ManageInvoice -->
