<?xml version="1.0" encoding="UTF-8"?>
<!-- Generated by org.testng.reporters.JUnitReportReporter -->
<testsuite hostname="ShOeB" failures="0" tests="1" name="productsettings.BonusSlab" time="19.139" errors="0" timestamp="2022-06-18T11:49:38 BDT" skipped="0">
  <testcase classname="productsettings.BonusSlab" name="Salesforce" time="19.139"/>
  <system-out/>
</testsuite> <!-- productsettings.BonusSlab -->
