<?xml version="1.0" encoding="UTF-8"?>
<!-- Generated by org.testng.reporters.JUnitReportReporter -->
<testsuite hostname="ShOeB" failures="0" tests="1" name="ScmSettings.ManageChargeType" time="11.361" errors="0" timestamp="2022-06-14T12:52:34 BDT" skipped="0">
  <testcase classname="ScmSettings.ManageChargeType" name="Salesforce" time="11.361"/>
  <system-out/>
</testsuite> <!-- ScmSettings.ManageChargeType -->
