<?xml version="1.0" encoding="UTF-8"?>
<!-- Generated by org.testng.reporters.JUnitReportReporter -->
<testsuite hostname="ShOeB" failures="0" tests="1" name="configuration.ManageManufacturer" time="10.909" errors="0" timestamp="2022-07-19T13:16:54 BDT" skipped="0">
  <testcase classname="configuration.ManageManufacturer" name="Salesforce" time="10.909"/>
  <system-out/>
</testsuite> <!-- configuration.ManageManufacturer -->
