<?xml version="1.0" encoding="UTF-8"?>
<!-- Generated by org.testng.reporters.JUnitReportReporter -->
<testsuite hostname="ShOeB" failures="0" tests="1" name="productsettings.AttendanceShift" time="14.614" errors="0" timestamp="2022-06-18T11:58:49 BDT" skipped="0">
  <testcase classname="productsettings.AttendanceShift" name="Salesforce" time="14.614"/>
  <system-out/>
</testsuite> <!-- productsettings.AttendanceShift -->
