<?xml version="1.0" encoding="UTF-8"?>
<!-- Generated by org.testng.reporters.JUnitReportReporter -->
<testsuite hostname="ShOeB" failures="0" tests="1" name="supplychain.PurchaseOrder" time="13.172" errors="0" timestamp="2022-06-20T13:48:55 BDT" skipped="0">
  <testcase classname="supplychain.PurchaseOrder" name="Salesforce" time="13.172"/>
  <system-out/>
</testsuite> <!-- supplychain.PurchaseOrder -->
