<?xml version="1.0" encoding="UTF-8"?>
<!-- Generated by org.testng.reporters.JUnitReportReporter -->
<testsuite hostname="ShOeB" failures="0" tests="1" name="distributionsettings.ManageZone" time="21.346" errors="0" timestamp="2022-06-15T13:31:56 BDT" skipped="0">
  <testcase classname="distributionsettings.ManageZone" name="Salesforce" time="21.346"/>
  <system-out/>
</testsuite> <!-- distributionsettings.ManageZone -->
