<?xml version="1.0" encoding="UTF-8"?>
<!-- Generated by org.testng.reporters.JUnitReportReporter -->
<testsuite hostname="ShOeB" failures="0" tests="1" name="distributionsettings.ManageEmployeeRoute" time="10.326" errors="0" timestamp="2022-06-15T17:09:33 BDT" skipped="0">
  <testcase classname="distributionsettings.ManageEmployeeRoute" name="Salesforce" time="10.326"/>
  <system-out/>
</testsuite> <!-- distributionsettings.ManageEmployeeRoute -->
